<?xml version="1.0" encoding="UTF-8"?>
<testng-results ignored="0" total="1" passed="1" failed="0" skipped="0">
  <reporter-output>
  </reporter-output>
  <suite started-at="2024-11-27T10:07:29 IST" name="Default suite" finished-at="2024-11-27T10:08:39 IST" duration-ms="70043">
    <groups>
    </groups>
    <test started-at="2024-11-27T10:07:29 IST" name="Default test" finished-at="2024-11-27T10:08:39 IST" duration-ms="70043">
      <class name="testpackage.Paymenttest">
        <test-method is-config="true" signature="setup()[pri:0, instance:testpackage.Paymenttest@31190526]" started-at="2024-11-27T10:07:29 IST" name="setup" finished-at="2024-11-27T10:07:48 IST" duration-ms="18713" status="PASS">
          <reporter-output>
          </reporter-output>
        </test-method> <!-- setup -->
        <test-method signature="verifyLoginwithValidCred()[pri:0, instance:testpackage.Paymenttest@31190526]" started-at="2024-11-27T10:07:48 IST" name="verifyLoginwithValidCred" finished-at="2024-11-27T10:08:39 IST" duration-ms="51213" status="PASS">
          <reporter-output>
          </reporter-output>
        </test-method> <!-- verifyLoginwithValidCred -->
        <test-method is-config="true" signature="postcondition()[pri:0, instance:testpackage.Paymenttest@31190526]" started-at="2024-11-27T10:08:39 IST" name="postcondition" finished-at="2024-11-27T10:08:39 IST" duration-ms="2" status="PASS">
          <reporter-output>
          </reporter-output>
        </test-method> <!-- postcondition -->
      </class> <!-- testpackage.Paymenttest -->
    </test> <!-- Default test -->
  </suite> <!-- Default suite -->
</testng-results>
